# JRE version: OpenJDK Runtime Environment (11.0.12+7) (build 11.0.12+7-b1504.28-7817840)
# Java VM: OpenJDK 64-Bit Server VM (11.0.12+7-b1504.28-7817840, mixed mode, tiered, compressed oops, g1 gc, windows-amd64)
Heap:
 garbage-first heap   total 273408K, used 177729K [0x0000000080000000, 0x0000000100000000)
  region size 1024K, 69 young (70656K), 2 survivors (2048K)
 Metaspace       used 133091K, capacity 137203K, committed 138888K, reserved 1169408K
  class space    used 16654K, capacity 18256K, committed 19152K, reserved 1048576K
GC Heap History (20 events):
Event: 2530.200 GC heap before
{Heap before GC invocations=88 (full 0):
 garbage-first heap   total 273408K, used 111159K [0x0000000080000000, 0x0000000100000000)
  region size 1024K, 13 young (13312K), 7 survivors (7168K)
 Metaspace       used 126373K, capacity 130287K, committed 131464K, reserved 1163264K
  class space    used 15697K, capacity 17163K, committed 18128K, reserved 1048576K
}
Event: 2530.209 GC heap after
{Heap after GC invocations=89 (full 0):
 garbage-first heap   total 273408K, used 104020K [0x0000000080000000, 0x0000000100000000)
  region size 1024K, 2 young (2048K), 2 survivors (2048K)
 Metaspace       used 126373K, capacity 130287K, committed 131464K, reserved 1163264K
  class space    used 15697K, capacity 17163K, committed 18128K, reserved 1048576K
}
Event: 2530.301 GC heap before
{Heap before GC invocations=89 (full 0):
 garbage-first heap   total 273408K, used 113236K [0x0000000080000000, 0x0000000100000000)
  region size 1024K, 12 young (12288K), 2 survivors (2048K)
 Metaspace       used 126378K, capacity 130287K, committed 131464K, reserved 1163264K
  class space    used 15697K, capacity 17163K, committed 18128K, reserved 1048576K
}
Event: 2530.307 GC heap after
{Heap after GC invocations=90 (full 0):
 garbage-first heap   total 273408K, used 105169K [0x0000000080000000, 0x0000000100000000)
  region size 1024K, 3 young (3072K), 3 survivors (3072K)
 Metaspace       used 126378K, capacity 130287K, committed 131464K, reserved 1163264K
  class space    used 15697K, capacity 17163K, committed 18128K, reserved 1048576K
}
Event: 2530.815 GC heap before
{Heap before GC invocations=91 (full 0):
 garbage-first heap   total 273408K, used 198353K [0x0000000080000000, 0x0000000100000000)
  region size 1024K, 93 young (95232K), 3 survivors (3072K)
 Metaspace       used 126526K, capacity 130386K, committed 131720K, reserved 1163264K
  class space    used 15705K, capacity 17172K, committed 18128K, reserved 1048576K
}
Event: 2530.824 GC heap after
{Heap after GC invocations=92 (full 0):
 garbage-first heap   total 273408K, used 110769K [0x0000000080000000, 0x0000000100000000)
  region size 1024K, 8 young (8192K), 8 survivors (8192K)
 Metaspace       used 126526K, capacity 130386K, committed 131720K, reserved 1163264K
  class space    used 15705K, capacity 17172K, committed 18128K, reserved 1048576K
}
Event: 2530.832 GC heap before
{Heap before GC invocations=92 (full 0):
 garbage-first heap   total 273408K, used 114865K [0x0000000080000000, 0x0000000100000000)
  region size 1024K, 13 young (13312K), 8 survivors (8192K)
 Metaspace       used 126539K, capacity 130389K, committed 131720K, reserved 1163264K
  class space    used 15708K, capacity 17173K, committed 18128K, reserved 1048576K
}
Event: 2530.846 GC heap after
{Heap after GC invocations=93 (full 0):
 garbage-first heap   total 273408K, used 96649K [0x0000000080000000, 0x0000000100000000)
  region size 1024K, 2 young (2048K), 2 survivors (2048K)
 Metaspace       used 126539K, capacity 130389K, committed 131720K, reserved 1163264K
  class space    used 15708K, capacity 17173K, committed 18128K, reserved 1048576K
}
Event: 2530.956 GC heap before
{Heap before GC invocations=93 (full 0):
 garbage-first heap   total 273408K, used 130441K [0x0000000080000000, 0x0000000100000000)
  region size 1024K, 37 young (37888K), 2 survivors (2048K)
 Metaspace       used 126543K, capacity 130392K, committed 131720K, reserved 1163264K
  class space    used 15709K, capacity 17174K, committed 18128K, reserved 1048576K
}
Event: 2530.962 GC heap after
{Heap after GC invocations=94 (full 0):
 garbage-first heap   total 273408K, used 98359K [0x0000000080000000, 0x0000000100000000)
  region size 1024K, 4 young (4096K), 4 survivors (4096K)
 Metaspace       used 126543K, capacity 130392K, committed 131720K, reserved 1163264K
  class space    used 15709K, capacity 17174K, committed 18128K, reserved 1048576K
}
Event: 5174.568 GC heap before
{Heap before GC invocations=95 (full 0):
 garbage-first heap   total 273408K, used 212023K [0x0000000080000000, 0x0000000100000000)
  region size 1024K, 93 young (95232K), 4 survivors (4096K)
 Metaspace       used 127280K, capacity 131232K, committed 132232K, reserved 1163264K
  class space    used 15840K, capacity 17334K, committed 18128K, reserved 1048576K
}
Event: 5174.576 GC heap after
{Heap after GC invocations=96 (full 0):
 garbage-first heap   total 273408K, used 111067K [0x0000000080000000, 0x0000000100000000)
  region size 1024K, 6 young (6144K), 6 survivors (6144K)
 Metaspace       used 127280K, capacity 131232K, committed 132232K, reserved 1163264K
  class space    used 15840K, capacity 17334K, committed 18128K, reserved 1048576K
}
Event: 5174.699 GC heap before
{Heap before GC invocations=96 (full 0):
 garbage-first heap   total 273408K, used 118235K [0x0000000080000000, 0x0000000100000000)
  region size 1024K, 13 young (13312K), 6 survivors (6144K)
 Metaspace       used 127487K, capacity 131431K, committed 132360K, reserved 1163264K
  class space    used 15874K, capacity 17395K, committed 18256K, reserved 1048576K
}
Event: 5174.706 GC heap after
{Heap after GC invocations=97 (full 0):
 garbage-first heap   total 273408K, used 111245K [0x0000000080000000, 0x0000000100000000)
  region size 1024K, 2 young (2048K), 2 survivors (2048K)
 Metaspace       used 127487K, capacity 131431K, committed 132360K, reserved 1163264K
  class space    used 15874K, capacity 17395K, committed 18256K, reserved 1048576K
}
Event: 5174.708 GC heap before
{Heap before GC invocations=97 (full 0):
 garbage-first heap   total 273408K, used 111245K [0x0000000080000000, 0x0000000100000000)
  region size 1024K, 3 young (3072K), 2 survivors (2048K)
 Metaspace       used 127487K, capacity 131431K, committed 132360K, reserved 1163264K
  class space    used 15874K, capacity 17395K, committed 18256K, reserved 1048576K
}
Event: 5174.713 GC heap after
{Heap after GC invocations=98 (full 0):
 garbage-first heap   total 273408K, used 111128K [0x0000000080000000, 0x0000000100000000)
  region size 1024K, 1 young (1024K), 1 survivors (1024K)
 Metaspace       used 127487K, capacity 131431K, committed 132360K, reserved 1163264K
  class space    used 15874K, capacity 17395K, committed 18256K, reserved 1048576K
}
Event: 5175.547 GC heap before
{Heap before GC invocations=99 (full 0):
 garbage-first heap   total 273408K, used 214552K [0x0000000080000000, 0x0000000100000000)
  region size 1024K, 94 young (96256K), 1 survivors (1024K)
 Metaspace       used 130574K, capacity 134376K, committed 136328K, reserved 1167360K
  class space    used 16381K, capacity 17916K, committed 18896K, reserved 1048576K
}
Event: 5175.556 GC heap after
{Heap after GC invocations=100 (full 0):
 garbage-first heap   total 273408K, used 126735K [0x0000000080000000, 0x0000000100000000)
  region size 1024K, 9 young (9216K), 9 survivors (9216K)
 Metaspace       used 130574K, capacity 134376K, committed 136328K, reserved 1167360K
  class space    used 16381K, capacity 17916K, committed 18896K, reserved 1048576K
}
Event: 5175.597 GC heap before
{Heap before GC invocations=100 (full 0):
 garbage-first heap   total 273408K, used 130831K [0x0000000080000000, 0x0000000100000000)
  region size 1024K, 13 young (13312K), 9 survivors (9216K)
 Metaspace       used 130678K, capacity 134513K, committed 136328K, reserved 1167360K
  class space    used 16392K, capacity 17919K, committed 18896K, reserved 1048576K
}
Event: 5175.625 GC heap after
{Heap after GC invocations=101 (full 0):
 garbage-first heap   total 273408K, used 110145K [0x0000000080000000, 0x0000000100000000)
  region size 1024K, 2 young (2048K), 2 survivors (2048K)
 Metaspace       used 130678K, capacity 134513K, committed 136328K, reserved 1167360K
  class space    used 16392K, capacity 17919K, committed 18896K, reserved 1048576K
}

