# JRE version: OpenJDK Runtime Environment (11.0.12+7) (build 11.0.12+7-b1504.28-7817840)
# Java VM: OpenJDK 64-Bit Server VM (11.0.12+7-b1504.28-7817840, mixed mode, tiered, compressed oops, g1 gc, windows-amd64)
Heap:
 garbage-first heap   total 189440K, used 103569K [0x0000000080000000, 0x0000000100000000)
  region size 1024K, 20 young (20480K), 4 survivors (4096K)
 Metaspace       used 93203K, capacity 95422K, committed 95496K, reserved 1132544K
  class space    used 11975K, capacity 12811K, committed 12880K, reserved 1048576K
GC Heap History (20 events):
Event: 12.713 GC heap before
{Heap before GC invocations=17 (full 0):
 garbage-first heap   total 157696K, used 128408K [0x0000000080000000, 0x0000000100000000)
  region size 1024K, 69 young (70656K), 9 survivors (9216K)
 Metaspace       used 83160K, capacity 85308K, committed 85512K, reserved 1122304K
  class space    used 10921K, capacity 11767K, committed 11856K, reserved 1048576K
}
Event: 12.728 GC heap after
{Heap after GC invocations=18 (full 0):
 garbage-first heap   total 157696K, used 76275K [0x0000000080000000, 0x0000000100000000)
  region size 1024K, 9 young (9216K), 9 survivors (9216K)
 Metaspace       used 83160K, capacity 85308K, committed 85512K, reserved 1122304K
  class space    used 10921K, capacity 11767K, committed 11856K, reserved 1048576K
}
Event: 13.088 GC heap before
{Heap before GC invocations=18 (full 0):
 garbage-first heap   total 157696K, used 118259K [0x0000000080000000, 0x0000000100000000)
  region size 1024K, 49 young (50176K), 9 survivors (9216K)
 Metaspace       used 83791K, capacity 85918K, committed 86024K, reserved 1124352K
  class space    used 10983K, capacity 11800K, committed 11856K, reserved 1048576K
}
Event: 13.142 GC heap after
{Heap after GC invocations=19 (full 0):
 garbage-first heap   total 157696K, used 93785K [0x0000000080000000, 0x0000000100000000)
  region size 1024K, 7 young (7168K), 7 survivors (7168K)
 Metaspace       used 83791K, capacity 85918K, committed 86024K, reserved 1124352K
  class space    used 10983K, capacity 11800K, committed 11856K, reserved 1048576K
}
Event: 13.490 GC heap before
{Heap before GC invocations=20 (full 0):
 garbage-first heap   total 157696K, used 136793K [0x0000000080000000, 0x0000000100000000)
  region size 1024K, 36 young (36864K), 7 survivors (7168K)
 Metaspace       used 86319K, capacity 88455K, committed 88840K, reserved 1126400K
  class space    used 11219K, capacity 12004K, committed 12112K, reserved 1048576K
}
Event: 13.499 GC heap after
{Heap after GC invocations=21 (full 0):
 garbage-first heap   total 157696K, used 95072K [0x0000000080000000, 0x0000000100000000)
  region size 1024K, 2 young (2048K), 2 survivors (2048K)
 Metaspace       used 86319K, capacity 88455K, committed 88840K, reserved 1126400K
  class space    used 11219K, capacity 12004K, committed 12112K, reserved 1048576K
}
Event: 13.724 GC heap before
{Heap before GC invocations=21 (full 0):
 garbage-first heap   total 157696K, used 123744K [0x0000000080000000, 0x0000000100000000)
  region size 1024K, 31 young (31744K), 2 survivors (2048K)
 Metaspace       used 87232K, capacity 89313K, committed 89736K, reserved 1126400K
  class space    used 11300K, capacity 12070K, committed 12240K, reserved 1048576K
}
Event: 13.731 GC heap after
{Heap after GC invocations=22 (full 0):
 garbage-first heap   total 189440K, used 96045K [0x0000000080000000, 0x0000000100000000)
  region size 1024K, 3 young (3072K), 3 survivors (3072K)
 Metaspace       used 87232K, capacity 89313K, committed 89736K, reserved 1126400K
  class space    used 11300K, capacity 12070K, committed 12240K, reserved 1048576K
}
Event: 14.161 GC heap before
{Heap before GC invocations=23 (full 0):
 garbage-first heap   total 189440K, used 135981K [0x0000000080000000, 0x0000000100000000)
  region size 1024K, 44 young (45056K), 3 survivors (3072K)
 Metaspace       used 87938K, capacity 90110K, committed 90248K, reserved 1128448K
  class space    used 11350K, capacity 12160K, committed 12240K, reserved 1048576K
}
Event: 14.170 GC heap after
{Heap after GC invocations=24 (full 0):
 garbage-first heap   total 189440K, used 98144K [0x0000000080000000, 0x0000000100000000)
  region size 1024K, 6 young (6144K), 6 survivors (6144K)
 Metaspace       used 87938K, capacity 90110K, committed 90248K, reserved 1128448K
  class space    used 11350K, capacity 12160K, committed 12240K, reserved 1048576K
}
Event: 14.193 GC heap before
{Heap before GC invocations=24 (full 0):
 garbage-first heap   total 189440K, used 101216K [0x0000000080000000, 0x0000000100000000)
  region size 1024K, 9 young (9216K), 6 survivors (6144K)
 Metaspace       used 87994K, capacity 90179K, committed 90504K, reserved 1128448K
  class space    used 11357K, capacity 12160K, committed 12240K, reserved 1048576K
}
Event: 14.201 GC heap after
{Heap after GC invocations=25 (full 0):
 garbage-first heap   total 189440K, used 91556K [0x0000000080000000, 0x0000000100000000)
  region size 1024K, 1 young (1024K), 1 survivors (1024K)
 Metaspace       used 87994K, capacity 90179K, committed 90504K, reserved 1128448K
  class space    used 11357K, capacity 12160K, committed 12240K, reserved 1048576K
}
Event: 19.998 GC heap before
{Heap before GC invocations=25 (full 0):
 garbage-first heap   total 189440K, used 135588K [0x0000000080000000, 0x0000000100000000)
  region size 1024K, 45 young (46080K), 1 survivors (1024K)
 Metaspace       used 89096K, capacity 91307K, committed 91400K, reserved 1128448K
  class space    used 11497K, capacity 12291K, committed 12368K, reserved 1048576K
}
Event: 20.006 GC heap after
{Heap after GC invocations=26 (full 0):
 garbage-first heap   total 189440K, used 93148K [0x0000000080000000, 0x0000000100000000)
  region size 1024K, 3 young (3072K), 3 survivors (3072K)
 Metaspace       used 89096K, capacity 91307K, committed 91400K, reserved 1128448K
  class space    used 11497K, capacity 12291K, committed 12368K, reserved 1048576K
}
Event: 25.869 GC heap before
{Heap before GC invocations=27 (full 0):
 garbage-first heap   total 189440K, used 133084K [0x0000000080000000, 0x0000000100000000)
  region size 1024K, 49 young (50176K), 3 survivors (3072K)
 Metaspace       used 92086K, capacity 94346K, committed 94600K, reserved 1130496K
  class space    used 11862K, capacity 12688K, committed 12752K, reserved 1048576K
}
Event: 25.874 GC heap after
{Heap after GC invocations=28 (full 0):
 garbage-first heap   total 189440K, used 89945K [0x0000000080000000, 0x0000000100000000)
  region size 1024K, 6 young (6144K), 6 survivors (6144K)
 Metaspace       used 92086K, capacity 94346K, committed 94600K, reserved 1130496K
  class space    used 11862K, capacity 12688K, committed 12752K, reserved 1048576K
}
Event: 27.962 GC heap before
{Heap before GC invocations=28 (full 0):
 garbage-first heap   total 189440K, used 93017K [0x0000000080000000, 0x0000000100000000)
  region size 1024K, 9 young (9216K), 6 survivors (6144K)
 Metaspace       used 92161K, capacity 94424K, committed 94600K, reserved 1130496K
  class space    used 11872K, capacity 12693K, committed 12752K, reserved 1048576K
}
Event: 27.968 GC heap after
{Heap after GC invocations=29 (full 0):
 garbage-first heap   total 189440K, used 86728K [0x0000000080000000, 0x0000000100000000)
  region size 1024K, 2 young (2048K), 2 survivors (2048K)
 Metaspace       used 92161K, capacity 94424K, committed 94600K, reserved 1130496K
  class space    used 11872K, capacity 12693K, committed 12752K, reserved 1048576K
}
Event: 28.434 GC heap before
{Heap before GC invocations=29 (full 0):
 garbage-first heap   total 189440K, used 137928K [0x0000000080000000, 0x0000000100000000)
  region size 1024K, 53 young (54272K), 2 survivors (2048K)
 Metaspace       used 92753K, capacity 94931K, committed 95112K, reserved 1132544K
  class space    used 11927K, capacity 12732K, committed 12752K, reserved 1048576K
}
Event: 28.443 GC heap after
{Heap after GC invocations=30 (full 0):
 garbage-first heap   total 189440K, used 89233K [0x0000000080000000, 0x0000000100000000)
  region size 1024K, 4 young (4096K), 4 survivors (4096K)
 Metaspace       used 92753K, capacity 94931K, committed 95112K, reserved 1132544K
  class space    used 11927K, capacity 12732K, committed 12752K, reserved 1048576K
}

